<?xml version="1.0" encoding="UTF-8"?>
<!-- Generated by org.testng.reporters.JUnitReportReporter -->
<testsuite hostname="aunmuhammad" name="TestNG1" tests="3" failures="0" timestamp="12 Jan 2020 17:01:52 GMT" time="0.011" errors="0">
  <testcase name="signOff" time="0.002" classname="TestNG1"/>
  <testcase name="Login" time="0.002" classname="TestNG1"/>
  <testcase name="FirstRegistration" time="0.007" classname="TestNG1"/>
</testsuite> <!-- TestNG1 -->
