<?xml version="1.0" encoding="UTF-8"?>
<!-- Generated by org.testng.reporters.JUnitReportReporter -->
<testsuite hostname="aunmuhammad" name="testng" tests="3" failures="0" timestamp="17 Jan 2020 10:28:21 GMT" time="0.025" errors="0">
  <testcase name="signOff" time="0.004" classname="testng"/>
  <testcase name="Login" time="0.004" classname="testng"/>
  <testcase name="FirstRegistration" time="0.017" classname="testng"/>
</testsuite> <!-- testng -->
