<?xml version="1.0" encoding="UTF-8"?>
<!-- Generated by org.testng.reporters.JUnitReportReporter -->
<testsuite hostname="aunmuhammad" name="readconfig" tests="1" failures="0" timestamp="25 Jan 2020 20:38:29 GMT" time="0.016" errors="0">
  <testcase name="readConfigFile" time="0.016" classname="readconfig"/>
</testsuite> <!-- readconfig -->
